<?xml version="1.0" encoding="UTF-8"?>
<!-- Generated by org.testng.reporters.JUnitReportReporter -->
<testsuite hostname="DESKTOP-OGARVFD" failures="0" tests="1" name="TCS.EventsTCs" time="79.880" errors="0" timestamp="2020-12-11T22:29:20 EET" skipped="0">
  <testcase classname="TCS.EventsTCs" name="verifyLoginSuccessfull" time="79.880"/>
  <system-out/>
</testsuite> <!-- TCS.EventsTCs -->
